{"/Users/joel.dalit/Projects/tape-test/lib/change-calculator.js":{"path":"/Users/joel.dalit/Projects/tape-test/lib/change-calculator.js","s":{"1":1,"2":4,"3":4,"4":4,"5":4,"6":4,"7":48,"8":48,"9":22,"10":22,"11":23,"12":23,"13":4,"14":1},"b":{"1":[22,26]},"f":{"1":4},"fnMap":{"1":{"name":"calculateChange","line":1,"loc":{"start":{"line":1,"column":0},"end":{"line":1,"column":49}}}},"statementMap":{"1":{"start":{"line":1,"column":0},"end":{"line":24,"column":1}},"2":{"start":{"line":3,"column":4},"end":{"line":3,"column":71}},"3":{"start":{"line":4,"column":4},"end":{"line":4,"column":20}},"4":{"start":{"line":5,"column":4},"end":{"line":5,"column":30}},"5":{"start":{"line":6,"column":4},"end":{"line":6,"column":44}},"6":{"start":{"line":8,"column":4},"end":{"line":20,"column":5}},"7":{"start":{"line":9,"column":8},"end":{"line":9,"column":28}},"8":{"start":{"line":11,"column":8},"end":{"line":19,"column":9}},"9":{"start":{"line":12,"column":12},"end":{"line":12,"column":51}},"10":{"start":{"line":14,"column":12},"end":{"line":18,"column":13}},"11":{"start":{"line":15,"column":16},"end":{"line":15,"column":34}},"12":{"start":{"line":17,"column":16},"end":{"line":17,"column":45}},"13":{"start":{"line":22,"column":4},"end":{"line":22,"column":18}},"14":{"start":{"line":26,"column":0},"end":{"line":26,"column":33}}},"branchMap":{"1":{"line":11,"type":"if","locations":[{"start":{"line":11,"column":8},"end":{"line":11,"column":8}},{"start":{"line":11,"column":8},"end":{"line":11,"column":8}}]}}}}